<?xml version="1.0" encoding="UTF-8"?>
<!-- Generated by org.testng.reporters.JUnitReportReporter -->
<testsuite skipped="0" hostname="LAPTOP-FUGSLUJ2" name="contact.UpdateContact" tests="1" failures="0" timestamp="2022-04-10T12:44:25 IST" time="1.065" errors="0">
  <testcase name="updateContact" time="1.065" classname="contact.UpdateContact"/>
  <system-out/>
</testsuite> <!-- contact.UpdateContact -->
