<?xml version="1.0" encoding="UTF-8"?>
<!-- Generated by org.testng.reporters.JUnitReportReporter -->
<testsuite skipped="0" hostname="LAPTOP-FUGSLUJ2" name="contact.CreateContact" tests="1" failures="0" timestamp="2022-04-16T19:50:41 IST" time="4.036" errors="0">
  <testcase name="getRequest" time="4.036" classname="contact.CreateContact"/>
  <system-out/>
</testsuite> <!-- contact.CreateContact -->
