<?xml version="1.0" encoding="UTF-8"?>
<!-- Generated by org.testng.reporters.JUnitReportReporter -->
<testsuite skipped="0" hostname="LAPTOP-FUGSLUJ2" name="com.leaftaps.ui.tests.CreateLead_Positive" tests="3" failures="0" timestamp="2022-07-06T17:01:18 IST" time="57.429" errors="0">
  <testcase name="tc002" time="14.102" classname="com.leaftaps.ui.tests.CreateLead_Positive"/>
  <system-out/>
  <testcase name="tc002" time="25.267" classname="com.leaftaps.ui.tests.CreateLead_Positive"/>
  <system-out/>
  <testcase name="tc002" time="18.060" classname="com.leaftaps.ui.tests.CreateLead_Positive"/>
  <system-out/>
</testsuite> <!-- com.leaftaps.ui.tests.CreateLead_Positive -->
