<?xml version="1.0" encoding="UTF-8"?>
<!-- Generated by org.testng.reporters.JUnitReportReporter -->
<testsuite skipped="0" hostname="LAPTOP-FUGSLUJ2" name="runner.RunTest" tests="1" failures="0" timestamp="30 Apr 2022 12:36:43 GMT" time="24.478" errors="0">
  <testcase name="runScenario" time="24.478" classname="runner.RunTest"/>
</testsuite> <!-- runner.RunTest -->
