<?xml version="1.0" encoding="UTF-8"?>
<!-- Generated by org.testng.reporters.JUnitReportReporter -->
<testsuite skipped="0" hostname="LAPTOP-FUGSLUJ2" name="learnfromfailures.Armstrongnumber" tests="1" failures="0" timestamp="2022-09-10T12:51:45 IST" time="3.505" errors="0">
  <testcase name="ams" time="3.505" classname="learnfromfailures.Armstrongnumber"/>
  <system-out/>
</testsuite> <!-- learnfromfailures.Armstrongnumber -->
