<?xml version="1.0" encoding="UTF-8"?>
<!-- Generated by org.testng.reporters.JUnitReportReporter -->
<testsuite skipped="0" hostname="LAPTOP-FUGSLUJ2" name="com.leaftaps.tests.CreateLogin" tests="1" failures="0" timestamp="2022-09-01T22:14:52 IST" time="10.706" errors="0">
  <testcase name="create" time="10.706" classname="com.leaftaps.tests.CreateLogin"/>
  <system-out/>
</testsuite> <!-- com.leaftaps.tests.CreateLogin -->
