<?xml version="1.0" encoding="UTF-8"?>
<!-- Generated by org.testng.reporters.JUnitReportReporter -->
<testsuite hostname="LAPTOP-FUGSLUJ2" failures="0" tests="1" name="Chaining.DeleteIncident" time="5.768" errors="0" timestamp="2022-03-26T13:27:27 IST" skipped="0">
  <testcase classname="Chaining.DeleteIncident" name="delete" time="5.768"/>
  <system-out/>
</testsuite> <!-- Chaining.DeleteIncident -->
