<?xml version="1.0" encoding="UTF-8"?>
<!-- Generated by org.testng.reporters.JUnitReportReporter -->
<testsuite hostname="LAPTOP-FUGSLUJ2" failures="0" tests="1" name="ServiceNowWithBaseClass.CreateChangeRequest" time="5.752" errors="0" timestamp="2022-03-26T12:50:10 IST" skipped="0">
  <testcase classname="ServiceNowWithBaseClass.CreateChangeRequest" name="createchangerequest" time="5.752"/>
  <system-out/>
</testsuite> <!-- ServiceNowWithBaseClass.CreateChangeRequest -->
