<?xml version="1.0" encoding="UTF-8"?>
<!-- Generated by org.testng.reporters.JUnitReportReporter -->
<testsuite hostname="LAPTOP-FUGSLUJ2" failures="0" tests="3" name="ClassRoomSession.CreateIncident" time="22.671" errors="0" timestamp="2022-03-27T11:30:39 IST" skipped="0">
  <testcase classname="ClassRoomSession.CreateIncident" name="delete" time="6.212"/>
  <system-out/>
  <testcase classname="ClassRoomSession.CreateIncident" name="delete" time="9.203"/>
  <system-out/>
  <testcase classname="ClassRoomSession.CreateIncident" name="delete" time="7.256"/>
  <system-out/>
</testsuite> <!-- ClassRoomSession.CreateIncident -->
