<?xml version="1.0" encoding="UTF-8"?>
<!-- Generated by org.testng.reporters.JUnitReportReporter -->
<testsuite hostname="LAPTOP-FUGSLUJ2" failures="0" tests="1" name="ServiceNowWithBaseClass.UpdateChangeRequest" time="3.824" errors="0" timestamp="2022-03-26T12:50:10 IST" skipped="0">
  <testcase classname="ServiceNowWithBaseClass.UpdateChangeRequest" name="updatechangerequest" time="3.824"/>
  <system-out/>
</testsuite> <!-- ServiceNowWithBaseClass.UpdateChangeRequest -->
