<?xml version="1.0" encoding="UTF-8"?>
<!-- Generated by org.testng.reporters.JUnitReportReporter -->
<testsuite skipped="0" hostname="LAPTOP-FUGSLUJ2" name="button.LearnButton" tests="1" failures="0" timestamp="2022-08-12T11:25:13 IST" time="11.578" errors="0">
  <testcase name="buttons" time="11.578" classname="button.LearnButton"/>
  <system-out/>
</testsuite> <!-- button.LearnButton -->
