<?xml version="1.0" encoding="UTF-8"?>
<!-- Generated by org.testng.reporters.JUnitReportReporter -->
<testsuite skipped="0" hostname="LAPTOP-FUGSLUJ2" name="window.WindowHandles" tests="1" failures="0" timestamp="2022-08-12T21:20:38 IST" time="10.375" errors="0">
  <testcase name="windows" time="10.375" classname="window.WindowHandles"/>
  <system-out/>
</testsuite> <!-- window.WindowHandles -->
