<?xml version="1.0" encoding="UTF-8"?>
<!-- Generated by org.testng.reporters.JUnitReportReporter -->
<testsuite skipped="0" hostname="LAPTOP-FUGSLUJ2" name="waits.LearnSeleniumWaits" tests="1" failures="0" timestamp="2022-08-12T20:09:51 IST" time="10.032" errors="0">
  <testcase name="seleniumWaits" time="10.032" classname="waits.LearnSeleniumWaits"/>
  <system-out/>
</testsuite> <!-- waits.LearnSeleniumWaits -->
