<?xml version="1.0" encoding="UTF-8"?>
<!-- Generated by org.testng.reporters.JUnitReportReporter -->
<testsuite skipped="0" hostname="LAPTOP-FUGSLUJ2" name="frame.LearnFrame" tests="1" failures="0" timestamp="2022-08-12T21:05:00 IST" time="11.282" errors="0">
  <testcase name="frameLearn" time="11.282" classname="frame.LearnFrame"/>
  <system-out/>
</testsuite> <!-- frame.LearnFrame -->
