<?xml version="1.0" encoding="UTF-8"?>
<!-- Generated by org.testng.reporters.JUnitReportReporter -->
<testsuite skipped="0" hostname="LAPTOP-FUGSLUJ2" name="textBox.LearnTextBox" tests="1" failures="0" timestamp="2022-08-12T08:36:43 IST" time="24.269" errors="0">
  <testcase name="textBoxValues" time="24.269" classname="textBox.LearnTextBox"/>
  <system-out/>
</testsuite> <!-- textBox.LearnTextBox -->
