<?xml version="1.0" encoding="UTF-8"?>
<!-- Generated by org.testng.reporters.JUnitReportReporter -->
<testsuite skipped="0" hostname="LAPTOP-FUGSLUJ2" name="alert.LearnAlert" tests="1" failures="0" timestamp="2022-08-12T20:51:31 IST" time="10.988" errors="0">
  <testcase name="alertLearn" time="10.988" classname="alert.LearnAlert"/>
  <system-out/>
</testsuite> <!-- alert.LearnAlert -->
