<?xml version="1.0" encoding="UTF-8"?>
<!-- Generated by org.testng.reporters.JUnitReportReporter -->
<testsuite skipped="0" hostname="LAPTOP-FUGSLUJ2" name="com.leaftaps.ui.testcases.Login" tests="2" failures="0" timestamp="2022-08-29T09:19:45 IST" time="7.050" errors="0">
  <testcase name="loginPage" time="2.616" classname="com.leaftaps.ui.testcases.Login"/>
  <system-out/>
  <testcase name="simpleLogin" time="4.434" classname="com.leaftaps.ui.testcases.Login"/>
  <system-out/>
</testsuite> <!-- com.leaftaps.ui.testcases.Login -->
