<?xml version="1.0" encoding="UTF-8"?>
<!-- Generated by org.testng.reporters.JUnitReportReporter -->
<testsuite skipped="0" hostname="LAPTOP-FUGSLUJ2" name="com.leaftaps.ui.testcases.Login" tests="2" failures="0" timestamp="2022-08-29T16:14:42 IST" time="11.301" errors="0">
  <testcase name="loginPage" time="8.110" classname="com.leaftaps.ui.testcases.Login"/>
  <system-out/>
  <testcase name="simpleLogin" time="3.191" classname="com.leaftaps.ui.testcases.Login"/>
  <system-out/>
</testsuite> <!-- com.leaftaps.ui.testcases.Login -->
