<?xml version="1.0" encoding="UTF-8"?>
<!-- Generated by org.testng.reporters.JUnitReportReporter -->
<testsuite skipped="0" hostname="LAPTOP-FUGSLUJ2" name="com.leaftaps.ui.testcases.Login" tests="2" failures="0" timestamp="2022-08-30T09:03:51 IST" time="7.313" errors="0">
  <testcase name="simpleLogin" time="2.701" classname="com.leaftaps.ui.testcases.Login"/>
  <system-out/>
  <testcase name="loginPage" time="4.612" classname="com.leaftaps.ui.testcases.Login"/>
  <system-out/>
</testsuite> <!-- com.leaftaps.ui.testcases.Login -->
