<?xml version="1.0" encoding="UTF-8"?>
<!-- Generated by org.testng.reporters.JUnitReportReporter -->
<testsuite hostname="LAPTOP-FUGSLUJ2" failures="0" tests="1" name="Chaining.CreateIncident" time="7.490" errors="0" timestamp="2022-03-26T17:46:48 IST" skipped="0">
  <testcase classname="Chaining.CreateIncident" name="postmethod" time="7.490"/>
  <system-out/>
</testsuite> <!-- Chaining.CreateIncident -->
