<?xml version="1.0" encoding="UTF-8"?>
<!-- Generated by org.testng.reporters.JUnitReportReporter -->
<testsuite hostname="LAPTOP-FUGSLUJ2" failures="0" tests="1" name="runner.cucumberRunner" time="20.351" errors="0" timestamp="2022-04-02T19:00:23 IST" skipped="0">
  <testcase classname="runner.cucumberRunner" name="runScenario" time="20.351"/>
  <system-out/>
</testsuite> <!-- runner.cucumberRunner -->
