<?xml version="1.0" encoding="UTF-8"?>
<!-- Generated by org.testng.reporters.JUnitReportReporter -->
<testsuite hostname="LAPTOP-FUGSLUJ2" failures="0" tests="1" name="ServiceNowWithBaseClass.DeleteChangeRequest" time="3.995" errors="0" timestamp="2022-03-26T12:50:10 IST" skipped="0">
  <testcase classname="ServiceNowWithBaseClass.DeleteChangeRequest" name="updatechangerequest" time="3.995"/>
  <system-out/>
</testsuite> <!-- ServiceNowWithBaseClass.DeleteChangeRequest -->
