<?xml version="1.0" encoding="UTF-8"?>
<!-- Generated by org.testng.reporters.JUnitReportReporter -->
<testsuite skipped="0" hostname="LAPTOP-FUGSLUJ2" name="Mock.LearnMock" tests="1" failures="0" timestamp="2022-04-17T13:45:10 IST" time="2.201" errors="0">
  <testcase name="getEbookDetails" time="2.201" classname="Mock.LearnMock"/>
  <system-out/>
</testsuite> <!-- Mock.LearnMock -->
