<?xml version="1.0" encoding="UTF-8"?>
<!-- Generated by org.testng.reporters.JUnitReportReporter -->
<testsuite skipped="0" hostname="LAPTOP-FUGSLUJ2" name="Mock.CreateChangeRequestwithoutBody" tests="1" failures="0" timestamp="18 Apr 2022 15:29:50 GMT" time="1.746" errors="0">
  <testcase name="createChangeRequest" time="1.746" classname="Mock.CreateChangeRequestwithoutBody"/>
</testsuite> <!-- Mock.CreateChangeRequestwithoutBody -->
