<?xml version="1.0" encoding="UTF-8"?>
<!-- Generated by org.testng.reporters.JUnitReportReporter -->
<testsuite skipped="0" hostname="LAPTOP-FUGSLUJ2" name="com.leafBot.testcases.TC001_LoginLogOut" tests="1" failures="0" timestamp="2022-08-17T19:51:53 IST" time="9.736" errors="0">
  <testcase name="createLeaf" time="9.736" classname="com.leafBot.testcases.TC001_LoginLogOut"/>
  <system-out/>
</testsuite> <!-- com.leafBot.testcases.TC001_LoginLogOut -->
