<?xml version="1.0" encoding="UTF-8"?>
<!-- Generated by org.testng.reporters.JUnitReportReporter -->
<testsuite skipped="0" hostname="LAPTOP-FUGSLUJ2" name="com.leafBot.testcases.TC003_CreateLead" tests="2" failures="0" timestamp="2022-07-16T18:55:30 IST" time="58.648" errors="0">
  <testcase name="createLead" time="33.045" classname="com.leafBot.testcases.TC003_CreateLead"/>
  <system-out/>
  <testcase name="createLead" time="25.603" classname="com.leafBot.testcases.TC003_CreateLead"/>
  <system-out/>
</testsuite> <!-- com.leafBot.testcases.TC003_CreateLead -->
