<?xml version="1.0" encoding="UTF-8"?>
<!-- Generated by org.testng.reporters.JUnitReportReporter -->
<testsuite skipped="0" hostname="LAPTOP-FUGSLUJ2" name="tests.rest.TC004_UpdateChangeRequest" tests="1" failures="0" timestamp="2022-04-30T18:27:43 IST" time="4.843" errors="0">
  <testcase name="updateCR" time="4.843" classname="tests.rest.TC004_UpdateChangeRequest"/>
  <system-out/>
</testsuite> <!-- tests.rest.TC004_UpdateChangeRequest -->
