<?xml version="1.0" encoding="UTF-8"?>
<!-- Generated by org.testng.reporters.JUnitReportReporter -->
<testsuite skipped="0" hostname="LAPTOP-FUGSLUJ2" name="tests.selenium.TC001_CreateIncident" tests="1" failures="0" timestamp="2022-04-03T12:15:21 IST" time="62.886" errors="0">
  <testcase name="createIncident" time="62.886" classname="tests.selenium.TC001_CreateIncident"/>
  <system-out/>
</testsuite> <!-- tests.selenium.TC001_CreateIncident -->
