<?xml version="1.0" encoding="UTF-8"?>
<!-- Generated by org.testng.reporters.JUnitReportReporter -->
<testsuite skipped="0" hostname="LAPTOP-FUGSLUJ2" name="tests.rest.TC01_CreateContact" tests="1" failures="0" timestamp="2022-04-21T21:10:19 IST" time="3.838" errors="0">
  <testcase name="createContact" time="3.838" classname="tests.rest.TC01_CreateContact"/>
  <system-out/>
</testsuite> <!-- tests.rest.TC01_CreateContact -->
