<?xml version="1.0" encoding="UTF-8"?>
<!-- Generated by org.testng.reporters.JUnitReportReporter -->
<testsuite skipped="0" hostname="LAPTOP-FUGSLUJ2" name="tests.rest.TC003_CreateChangeRequest" tests="1" failures="0" timestamp="2022-04-30T18:27:43 IST" time="7.053" errors="0">
  <testcase name="createCR" time="7.053" classname="tests.rest.TC003_CreateChangeRequest"/>
  <system-out/>
</testsuite> <!-- tests.rest.TC003_CreateChangeRequest -->
