<?xml version="1.0" encoding="UTF-8"?>
<!-- Generated by org.testng.reporters.JUnitReportReporter -->
<testsuite skipped="0" hostname="LAPTOP-FUGSLUJ2" name="tests.rest.TC02_UpdateContact" tests="1" failures="0" timestamp="2022-04-21T21:10:19 IST" time="1.586" errors="0">
  <testcase name="updateContact" time="1.586" classname="tests.rest.TC02_UpdateContact"/>
  <system-out/>
</testsuite> <!-- tests.rest.TC02_UpdateContact -->
