<?xml version="1.0" encoding="UTF-8"?>
<!-- Generated by org.testng.reporters.JUnitReportReporter -->
<testsuite skipped="0" hostname="LAPTOP-FUGSLUJ2" name="tests.rest.TC001_CreateIncident" tests="1" failures="0" timestamp="2022-04-08T16:26:42 IST" time="7.776" errors="0">
  <testcase name="createIncident" time="7.776" classname="tests.rest.TC001_CreateIncident"/>
  <system-out/>
</testsuite> <!-- tests.rest.TC001_CreateIncident -->
