<?xml version="1.0" encoding="UTF-8"?>
<!-- Generated by org.testng.reporters.JUnitReportReporter -->
<testsuite skipped="1" hostname="LAPTOP-FUGSLUJ2" name="tests.rest.TC005_DeleteChangeRequest" tests="1" failures="0" timestamp="2022-04-30T18:27:43 IST" time="0.000" errors="0">
  <testcase name="deleteCR" time="0.000" classname="tests.rest.TC005_DeleteChangeRequest">
    <skipped/>
  </testcase> <!-- deleteCR -->
  <system-out/>
</testsuite> <!-- tests.rest.TC005_DeleteChangeRequest -->
