<?xml version="1.0" encoding="UTF-8"?>
<!-- Generated by org.testng.reporters.JUnitReportReporter -->
<testsuite skipped="0" hostname="LAPTOP-FUGSLUJ2" name="week2.day2.SimpleGetRequest" tests="1" failures="0" timestamp="2022-08-06T10:54:04 IST" time="6.452" errors="0">
  <testcase name="getRequestMethod" time="6.452" classname="week2.day2.SimpleGetRequest"/>
  <system-out/>
</testsuite> <!-- week2.day2.SimpleGetRequest -->
