<?xml version="1.0" encoding="UTF-8"?>
<!-- Generated by org.testng.reporters.JUnitReportReporter -->
<testsuite skipped="0" hostname="LAPTOP-FUGSLUJ2" name="week2.day2.SimplePostRequestWithBody" tests="1" failures="0" timestamp="2022-08-06T14:56:03 IST" time="5.142" errors="0">
  <testcase name="postRequest" time="5.142" classname="week2.day2.SimplePostRequestWithBody"/>
  <system-out/>
</testsuite> <!-- week2.day2.SimplePostRequestWithBody -->
