<?xml version="1.0" encoding="UTF-8"?>
<!-- Generated by org.testng.reporters.JUnitReportReporter -->
<testsuite skipped="0" hostname="LAPTOP-FUGSLUJ2" name="assertions.CreateChangeRequest" tests="2" failures="0" timestamp="2022-08-07T09:20:03 IST" time="19.079" errors="0">
  <testcase name="deleteMethod" time="8.466" classname="assertions.CreateChangeRequest"/>
  <system-out/>
  <testcase name="deleteMethod" time="10.613" classname="assertions.CreateChangeRequest"/>
  <system-out/>
</testsuite> <!-- assertions.CreateChangeRequest -->
