<?xml version="1.0" encoding="UTF-8"?>
<!-- Generated by org.testng.reporters.JUnitReportReporter -->
<testsuite skipped="0" hostname="LAPTOP-FUGSLUJ2" name="week3.day1.chaning.DeleteRequest" tests="1" failures="0" timestamp="2022-08-07T08:13:02 IST" time="4.607" errors="0">
  <testcase name="deleteMethod" time="4.607" classname="week3.day1.chaning.DeleteRequest"/>
  <system-out/>
</testsuite> <!-- week3.day1.chaning.DeleteRequest -->
