<?xml version="1.0" encoding="UTF-8"?>
<!-- Generated by org.testng.reporters.JUnitReportReporter -->
<testsuite skipped="0" hostname="LAPTOP-FUGSLUJ2" name="week3.day1.DeleeteChangeRequest" tests="1" failures="0" timestamp="2022-08-06T16:14:13 IST" time="6.819" errors="0">
  <testcase name="deleteChangeRequest" time="6.819" classname="week3.day1.DeleeteChangeRequest"/>
  <system-out/>
</testsuite> <!-- week3.day1.DeleeteChangeRequest -->
