<?xml version="1.0" encoding="UTF-8"?>
<!-- Generated by org.testng.reporters.JUnitReportReporter -->
<testsuite skipped="0" hostname="LAPTOP-FUGSLUJ2" name="week3.day1.opps.baseclass.CreateChangeRequest" tests="1" failures="0" timestamp="2022-08-07T08:04:33 IST" time="6.269" errors="0">
  <testcase name="changeRequest" time="6.269" classname="week3.day1.opps.baseclass.CreateChangeRequest"/>
  <system-out/>
</testsuite> <!-- week3.day1.opps.baseclass.CreateChangeRequest -->
