<?xml version="1.0" encoding="UTF-8"?>
<!-- Generated by org.testng.reporters.JUnitReportReporter -->
<testsuite skipped="0" hostname="LAPTOP-FUGSLUJ2" name="runner.CucumberRunner" tests="1" failures="0" timestamp="2022-08-09T15:23:33 IST" time="7.463" errors="0">
  <testcase name="runScenario" time="7.463" classname="runner.CucumberRunner"/>
  <system-out/>
</testsuite> <!-- runner.CucumberRunner -->
