<?xml version="1.0" encoding="UTF-8"?>
<!-- Generated by org.testng.reporters.JUnitReportReporter -->
<testsuite skipped="0" hostname="LAPTOP-FUGSLUJ2" name="week3.day1.opps.baseclass.DeleteRequest" tests="1" failures="0" timestamp="2022-08-06T17:04:05 IST" time="6.344" errors="0">
  <testcase name="deleteMethod" time="6.344" classname="week3.day1.opps.baseclass.DeleteRequest"/>
  <system-out/>
</testsuite> <!-- week3.day1.opps.baseclass.DeleteRequest -->
