<?xml version="1.0" encoding="UTF-8"?>
<!-- Generated by org.testng.reporters.JUnitReportReporter -->
<testsuite skipped="0" hostname="LAPTOP-FUGSLUJ2" name="week2.day2.SimplePostRequest" tests="1" failures="0" timestamp="2022-08-06T14:52:42 IST" time="7.401" errors="0">
  <testcase name="postRequest" time="7.401" classname="week2.day2.SimplePostRequest"/>
  <system-out/>
</testsuite> <!-- week2.day2.SimplePostRequest -->
