<?xml version="1.0" encoding="UTF-8"?>
<!-- Generated by org.testng.reporters.JUnitReportReporter -->
<testsuite skipped="0" hostname="LAPTOP-FUGSLUJ2" name="week2.day2.SimpleGetRequestAsXML" tests="1" failures="0" timestamp="2022-08-06T11:28:18 IST" time="6.036" errors="0">
  <testcase name="getRequestMethod" time="6.036" classname="week2.day2.SimpleGetRequestAsXML"/>
  <system-out/>
</testsuite> <!-- week2.day2.SimpleGetRequestAsXML -->
