<?xml version="1.0" encoding="UTF-8"?>
<!-- Generated by org.testng.reporters.JUnitReportReporter -->
<testsuite skipped="0" hostname="LAPTOP-FUGSLUJ2" name="week3.day1.chaning.UpdateRequest" tests="1" failures="0" timestamp="2022-08-07T08:13:02 IST" time="5.488" errors="0">
  <testcase name="putRequest" time="5.488" classname="week3.day1.chaning.UpdateRequest"/>
  <system-out/>
</testsuite> <!-- week3.day1.chaning.UpdateRequest -->
