<?xml version="1.0" encoding="UTF-8"?>
<!-- Generated by org.testng.reporters.JUnitReportReporter -->
<testsuite skipped="0" hostname="LAPTOP-FUGSLUJ2" name="week3.day1.opps.baseclass.UpdateRequest" tests="1" failures="0" timestamp="2022-08-06T17:04:05 IST" time="4.135" errors="0">
  <testcase name="putRequest" time="4.135" classname="week3.day1.opps.baseclass.UpdateRequest"/>
  <system-out/>
</testsuite> <!-- week3.day1.opps.baseclass.UpdateRequest -->
