<?xml version="1.0" encoding="UTF-8"?>
<!-- Generated by org.testng.reporters.JUnitReportReporter -->
<testsuite skipped="0" hostname="LAPTOP-FUGSLUJ2" name="week3.day1.UpdateUsingPut" tests="1" failures="0" timestamp="2022-08-06T16:10:01 IST" time="9.708" errors="0">
  <testcase name="putRequest" time="9.708" classname="week3.day1.UpdateUsingPut"/>
  <system-out/>
</testsuite> <!-- week3.day1.UpdateUsingPut -->
